<?xml version="1.0" encoding="UTF-8"?>
<testng-results ignored="0" total="2" passed="2" failed="0" skipped="0">
  <reporter-output>
  </reporter-output>
  <suite started-at="2024-07-11T23:46:54 IST" name="Suite" finished-at="2024-07-11T23:46:56 IST" duration-ms="2566">
    <groups>
    </groups>
    <test started-at="2024-07-11T23:46:54 IST" name="Test1" finished-at="2024-07-11T23:46:55 IST" duration-ms="1304">
      <class name="candidateInformation.OpenBrowserTest">
        <test-method signature="sampleTest(java.lang.String)[pri:0, instance:candidateInformation.OpenBrowserTest@7193666c]" started-at="2024-07-11T23:46:54 IST" name="sampleTest" finished-at="2024-07-11T23:46:55 IST" duration-ms="1275" status="PASS">
          <params>
            <param index="0">
              <value>
                <![CDATA[Chrome]]>
              </value>
            </param>
          </params>
          <reporter-output>
          </reporter-output>
        </test-method> <!-- sampleTest -->
      </class> <!-- candidateInformation.OpenBrowserTest -->
    </test> <!-- Test1 -->
    <test started-at="2024-07-11T23:46:54 IST" name="Test2" finished-at="2024-07-11T23:46:56 IST" duration-ms="2566">
      <class name="candidateInformation.OpenBrowserTest2">
        <test-method signature="sampleTest(java.lang.String)[pri:0, instance:candidateInformation.OpenBrowserTest2@35cabb2a]" started-at="2024-07-11T23:46:54 IST" name="sampleTest" finished-at="2024-07-11T23:46:56 IST" duration-ms="2539" status="PASS">
          <params>
            <param index="0">
              <value>
                <![CDATA[Firefox]]>
              </value>
            </param>
          </params>
          <reporter-output>
          </reporter-output>
        </test-method> <!-- sampleTest -->
      </class> <!-- candidateInformation.OpenBrowserTest2 -->
    </test> <!-- Test2 -->
  </suite> <!-- Suite -->
</testng-results>
